<?xml version="1.0" encoding="UTF-8"?>
<testng-results ignored="0" total="1" passed="1" failed="0" skipped="0">
  <reporter-output>
  </reporter-output>
  <suite started-at="2023-05-18T14:43:51 IST" name="Default suite" finished-at="2023-05-18T14:44:27 IST" duration-ms="35784">
    <groups>
    </groups>
    <test started-at="2023-05-18T14:43:51 IST" name="Default test" finished-at="2023-05-18T14:44:27 IST" duration-ms="35784">
      <class name="EasymyTrip.Easymytrip">
        <test-method signature="Mytrip()[pri:0, instance:EasymyTrip.Easymytrip@2beee7ff]" started-at="2023-05-18T14:43:51 IST" name="Mytrip" finished-at="2023-05-18T14:44:27 IST" duration-ms="35727" status="PASS">
          <reporter-output>
          </reporter-output>
        </test-method> <!-- Mytrip -->
      </class> <!-- EasymyTrip.Easymytrip -->
    </test> <!-- Default test -->
  </suite> <!-- Default suite -->
</testng-results>
